<component name="libraryTable">
  <library name="JUnit">
    <CLASSES>
      <root url="file://C:/JUnit" />
    </CLASSES>
    <JAVADOC />
    <SOURCES />
    <jarDirectory url="file://C:/JUnit" recursive="false" />
  </library>
</component>